Compiled jquery.js  (3ms)  (pid 14773)
Compiled jquery_ujs.js  (0ms)  (pid 14773)
Compiled home.js  (425ms)  (pid 14773)
Compiled application.js  (481ms)  (pid 14773)
Compiled home.css  (51ms)  (pid 14773)
Compiled application.css  (61ms)  (pid 14773)
Compiled jquery.js  (3ms)  (pid 14773)
Compiled jquery_ujs.js  (0ms)  (pid 14773)
Compiled home.js  (155ms)  (pid 14773)
Compiled application.js  (211ms)  (pid 14773)
Compiled home.css  (11ms)  (pid 14773)
Compiled application.css  (19ms)  (pid 14773)
Compiled jquery.js  (3ms)  (pid 16790)
Compiled jquery_ujs.js  (0ms)  (pid 16790)
Compiled home.js  (150ms)  (pid 16790)
Compiled application.js  (191ms)  (pid 16790)
Compiled home.css  (33ms)  (pid 16790)
Compiled jquery-ui.css  (0ms)  (pid 16790)
Compiled style.css  (19ms)  (pid 16790)
Compiled application.css  (98ms)  (pid 16790)
Compiled jquery.js  (26ms)  (pid 16790)
Compiled jquery_ujs.js  (0ms)  (pid 16790)
Compiled home.js  (148ms)  (pid 16790)
Compiled application.js  (201ms)  (pid 16790)
Compiled home.css  (11ms)  (pid 16790)
Compiled jquery-ui.css  (0ms)  (pid 16790)
Compiled style.css  (19ms)  (pid 16790)
Compiled application.css  (51ms)  (pid 16790)
Compiled jquery.js  (3ms)  (pid 22979)
Compiled jquery_ujs.js  (0ms)  (pid 22979)
Compiled bootstrap.js  (0ms)  (pid 22979)
Compiled application.js  (52ms)  (pid 22979)
Compiled bootstrap.css  (1ms)  (pid 22979)
Compiled bootstrap-responsive.css  (0ms)  (pid 22979)
Compiled application.css  (17ms)  (pid 22979)
Compiled jquery.js  (3ms)  (pid 22979)
Compiled jquery_ujs.js  (0ms)  (pid 22979)
Compiled bootstrap.js  (0ms)  (pid 22979)
Compiled application.js  (50ms)  (pid 22979)
Compiled bootstrap.css  (1ms)  (pid 22979)
Compiled bootstrap-responsive.css  (0ms)  (pid 22979)
Compiled application.css  (39ms)  (pid 22979)
Compiled jquery.js  (3ms)  (pid 23132)
Compiled jquery_ujs.js  (0ms)  (pid 23132)
Compiled bootstrap.js  (0ms)  (pid 23132)
Compiled application.js  (51ms)  (pid 23132)
Compiled bootstrap.css  (1ms)  (pid 23132)
Compiled bootstrap-responsive.css  (0ms)  (pid 23132)
Compiled application.css  (17ms)  (pid 23132)
Compiled jquery.js  (3ms)  (pid 23132)
Compiled jquery_ujs.js  (0ms)  (pid 23132)
Compiled bootstrap.js  (0ms)  (pid 23132)
Compiled application.js  (50ms)  (pid 23132)
Compiled bootstrap.css  (1ms)  (pid 23132)
Compiled bootstrap-responsive.css  (0ms)  (pid 23132)
Compiled application.css  (39ms)  (pid 23132)
Compiled jquery.js  (3ms)  (pid 23307)
Compiled jquery_ujs.js  (0ms)  (pid 23307)
Compiled bootstrap.js  (0ms)  (pid 23307)
Compiled application.js  (52ms)  (pid 23307)
Compiled bootstrap.css  (1ms)  (pid 23307)
Compiled bootstrap-responsive.css  (0ms)  (pid 23307)
Compiled application.css  (16ms)  (pid 23307)
Compiled jquery.js  (3ms)  (pid 23307)
Compiled jquery_ujs.js  (0ms)  (pid 23307)
Compiled bootstrap.js  (0ms)  (pid 23307)
Compiled application.js  (51ms)  (pid 23307)
Compiled bootstrap.css  (1ms)  (pid 23307)
Compiled bootstrap-responsive.css  (0ms)  (pid 23307)
Compiled application.css  (39ms)  (pid 23307)
Compiled jquery.js  (3ms)  (pid 23725)
Compiled jquery_ujs.js  (0ms)  (pid 23725)
Compiled bootstrap.js  (0ms)  (pid 23725)
Compiled application.js  (51ms)  (pid 23725)
Compiled bootstrap.css  (1ms)  (pid 23725)
Compiled bootstrap-responsive.css  (0ms)  (pid 23725)
Compiled application.css  (17ms)  (pid 23725)
Compiled jquery.js  (3ms)  (pid 23725)
Compiled jquery_ujs.js  (0ms)  (pid 23725)
Compiled bootstrap.js  (0ms)  (pid 23725)
Compiled application.js  (50ms)  (pid 23725)
Compiled bootstrap.css  (1ms)  (pid 23725)
Compiled bootstrap-responsive.css  (0ms)  (pid 23725)
Compiled application.css  (16ms)  (pid 23725)
Compiled jquery.js  (2ms)  (pid 4573)
Compiled jquery_ujs.js  (0ms)  (pid 4573)
Compiled bootstrap.js  (0ms)  (pid 4573)
Compiled application.js  (47ms)  (pid 4573)
Compiled bootstrap.css  (0ms)  (pid 4573)
Compiled bootstrap-responsive.css  (0ms)  (pid 4573)
Compiled application.css  (13ms)  (pid 4573)
Compiled jquery.js  (2ms)  (pid 4573)
Compiled jquery_ujs.js  (0ms)  (pid 4573)
Compiled bootstrap.js  (0ms)  (pid 4573)
Compiled application.js  (38ms)  (pid 4573)
Compiled bootstrap.css  (0ms)  (pid 4573)
Compiled bootstrap-responsive.css  (0ms)  (pid 4573)
Compiled application.css  (13ms)  (pid 4573)
Connecting to database specified by database.yml
Compiled jquery.js  (3ms)  (pid 16785)
Compiled jquery_ujs.js  (0ms)  (pid 16785)
Compiled bootstrap.js  (1ms)  (pid 16785)
Compiled application.js  (57ms)  (pid 16785)
Compiled bootstrap.css  (1ms)  (pid 16785)
Compiled bootstrap-responsive.css  (0ms)  (pid 16785)
Compiled application.css  (18ms)  (pid 16785)
Compiled jquery.js  (3ms)  (pid 16785)
Compiled jquery_ujs.js  (0ms)  (pid 16785)
Compiled bootstrap.js  (0ms)  (pid 16785)
Compiled application.js  (53ms)  (pid 16785)
Compiled bootstrap.css  (1ms)  (pid 16785)
Compiled bootstrap-responsive.css  (0ms)  (pid 16785)
Compiled application.css  (18ms)  (pid 16785)
Compiled jquery.js  (18ms)  (pid 17043)
Compiled jquery_ujs.js  (0ms)  (pid 17043)
Compiled bootstrap.js  (0ms)  (pid 17043)
Compiled application.js  (38ms)  (pid 17043)
Compiled bootstrap.css  (0ms)  (pid 17043)
Compiled bootstrap-responsive.css  (0ms)  (pid 17043)
Compiled application.css  (17ms)  (pid 17043)
Compiled jquery.js  (18ms)  (pid 17043)
Compiled jquery_ujs.js  (0ms)  (pid 17043)
Compiled bootstrap.js  (0ms)  (pid 17043)
Compiled application.js  (38ms)  (pid 17043)
Compiled bootstrap.css  (0ms)  (pid 17043)
Compiled bootstrap-responsive.css  (0ms)  (pid 17043)
Compiled application.css  (14ms)  (pid 17043)
