Compiled jquery.js  (2ms)  (pid 18479)
Compiled jquery_ujs.js  (0ms)  (pid 18479)
Compiled bootstrap.js  (0ms)  (pid 18479)
Compiled home.js  (614ms)  (pid 18479)
Compiled application.js  (657ms)  (pid 18479)
Compiled bootstrap.css  (0ms)  (pid 18479)
Compiled bootstrap-responsive.css  (0ms)  (pid 18479)
Compiled home.css  (43ms)  (pid 18479)
Compiled application.css  (63ms)  (pid 18479)
Compiled jquery.js  (2ms)  (pid 18479)
Compiled jquery_ujs.js  (0ms)  (pid 18479)
Compiled bootstrap.js  (0ms)  (pid 18479)
Compiled home.js  (141ms)  (pid 18479)
Compiled application.js  (190ms)  (pid 18479)
Compiled bootstrap.css  (0ms)  (pid 18479)
Compiled bootstrap-responsive.css  (0ms)  (pid 18479)
Compiled home.css  (23ms)  (pid 18479)
Compiled application.css  (42ms)  (pid 18479)
Compiled jquery.js  (2ms)  (pid 19288)
Compiled jquery_ujs.js  (0ms)  (pid 19288)
Compiled bootstrap.js  (0ms)  (pid 19288)
Compiled home.js  (134ms)  (pid 19288)
Compiled application.js  (183ms)  (pid 19288)
Compiled bootstrap.css  (0ms)  (pid 19288)
Compiled bootstrap-responsive.css  (0ms)  (pid 19288)
Compiled home.css  (26ms)  (pid 19288)
Compiled application.css  (48ms)  (pid 19288)
Compiled jquery.js  (2ms)  (pid 19288)
Compiled jquery_ujs.js  (0ms)  (pid 19288)
Compiled bootstrap.js  (0ms)  (pid 19288)
Compiled home.js  (141ms)  (pid 19288)
Compiled application.js  (182ms)  (pid 19288)
Compiled bootstrap.css  (0ms)  (pid 19288)
Compiled bootstrap-responsive.css  (0ms)  (pid 19288)
Compiled home.css  (22ms)  (pid 19288)
Compiled application.css  (41ms)  (pid 19288)
